
  .   ____          _            __ _ _
 /\\ / ___'_ __ _ _(_)_ __  __ _ \ \ \ \
( ( )\___ | '_ | '_| | '_ \/ _` | \ \ \ \
 \\/  ___)| |_)| | | | | || (_| |  ) ) ) )
  '  |____| .__|_| |_|_| |_\__, | / / / /
 =========|_|==============|___/=/_/_/_/

 :: Spring Boot ::                (v3.4.1)

2026-01-19T15:31:51.880-03:00  INFO 9468 --- [CadastroDeNinjas] [           main] d.j.C.CadastroDeNinjasApplication        : Starting CadastroDeNinjasApplication v0.0.1-SNAPSHOT using Java 21.0.9 with PID 9468 (C:\Users\harle\Desktop\CadastroDeNinjas\target\CadastroDeNinjas-0.0.1-SNAPSHOT.jar started by harle in C:\Users\harle\Desktop\CadastroDeNinjas)
2026-01-19T15:31:51.884-03:00  INFO 9468 --- [CadastroDeNinjas] [           main] d.j.C.CadastroDeNinjasApplication        : No active profile set, falling back to 1 default profile: "default"
2026-01-19T15:31:52.886-03:00  INFO 9468 --- [CadastroDeNinjas] [           main] .s.d.r.c.RepositoryConfigurationDelegate : Bootstrapping Spring Data JPA repositories in DEFAULT mode.
2026-01-19T15:31:52.993-03:00  INFO 9468 --- [CadastroDeNinjas] [           main] .s.d.r.c.RepositoryConfigurationDelegate : Finished Spring Data repository scanning in 82 ms. Found 2 JPA repository interfaces.
2026-01-19T15:31:53.671-03:00  INFO 9468 --- [CadastroDeNinjas] [           main] o.s.b.w.embedded.tomcat.TomcatWebServer  : Tomcat initialized with port 8080 (http)
2026-01-19T15:31:53.683-03:00  INFO 9468 --- [CadastroDeNinjas] [           main] o.apache.catalina.core.StandardService   : Starting service [Tomcat]
2026-01-19T15:31:53.684-03:00  INFO 9468 --- [CadastroDeNinjas] [           main] o.apache.catalina.core.StandardEngine    : Starting Servlet engine: [Apache Tomcat/10.1.34]
2026-01-19T15:31:53.715-03:00  INFO 9468 --- [CadastroDeNinjas] [           main] o.a.c.c.C.[Tomcat].[localhost].[/]       : Initializing Spring embedded WebApplicationContext
2026-01-19T15:31:53.715-03:00  INFO 9468 --- [CadastroDeNinjas] [           main] w.s.c.ServletWebServerApplicationContext : Root WebApplicationContext: initialization completed in 1756 ms
2026-01-19T15:31:53.911-03:00  INFO 9468 --- [CadastroDeNinjas] [           main] o.hibernate.jpa.internal.util.LogHelper  : HHH000204: Processing PersistenceUnitInfo [name: default]
2026-01-19T15:31:53.988-03:00  INFO 9468 --- [CadastroDeNinjas] [           main] org.hibernate.Version                    : HHH000412: Hibernate ORM core version 6.6.4.Final
2026-01-19T15:31:54.039-03:00  INFO 9468 --- [CadastroDeNinjas] [           main] o.h.c.internal.RegionFactoryInitiator    : HHH000026: Second-level cache disabled
2026-01-19T15:31:54.406-03:00  INFO 9468 --- [CadastroDeNinjas] [           main] o.s.o.j.p.SpringPersistenceUnitInfo      : No LoadTimeWeaver setup: ignoring JPA class transformer
2026-01-19T15:31:54.437-03:00  INFO 9468 --- [CadastroDeNinjas] [           main] com.zaxxer.hikari.HikariDataSource       : HikariPool-1 - Starting...
2026-01-19T15:31:54.641-03:00  INFO 9468 --- [CadastroDeNinjas] [           main] com.zaxxer.hikari.pool.HikariPool        : HikariPool-1 - Added connection conn0: url=jdbc:h2:mem:testdb user=SA
2026-01-19T15:31:54.641-03:00  INFO 9468 --- [CadastroDeNinjas] [           main] com.zaxxer.hikari.HikariDataSource       : HikariPool-1 - Start completed.
2026-01-19T15:31:54.672-03:00  WARN 9468 --- [CadastroDeNinjas] [           main] org.hibernate.orm.deprecation            : HHH90000025: H2Dialect does not need to be specified explicitly using 'hibernate.dialect' (remove the property setting and it will be selected by default)
2026-01-19T15:31:54.700-03:00  INFO 9468 --- [CadastroDeNinjas] [           main] org.hibernate.orm.connections.pooling    : HHH10001005: Database info:
	Database JDBC URL [Connecting through datasource 'HikariDataSource (HikariPool-1)']
	Database driver: undefined/unknown
	Database version: 2.3.232
	Autocommit mode: undefined/unknown
	Isolation level: undefined/unknown
	Minimum pool size: undefined/unknown
	Maximum pool size: undefined/unknown
2026-01-19T15:31:55.633-03:00  INFO 9468 --- [CadastroDeNinjas] [           main] o.h.e.t.j.p.i.JtaPlatformInitiator       : HHH000489: No JTA platform available (set 'hibernate.transaction.jta.platform' to enable JTA platform integration)
Hibernate: create table tb_cadastro (id bigint generated by default as identity, email varchar(255), idade integer not null, nome varchar(255), missoes_id bigint, primary key (id))
Hibernate: create table tb_missoes (id bigint generated by default as identity, dificuldade varchar(255), nome varchar(255), primary key (id))
Hibernate: alter table if exists tb_cadastro add constraint FKefsdhx90edgna6klo6eftmq7h foreign key (missoes_id) references tb_missoes
2026-01-19T15:31:55.688-03:00  INFO 9468 --- [CadastroDeNinjas] [           main] j.LocalContainerEntityManagerFactoryBean : Initialized JPA EntityManagerFactory for persistence unit 'default'
2026-01-19T15:31:56.040-03:00  WARN 9468 --- [CadastroDeNinjas] [           main] JpaBaseConfiguration$JpaWebConfiguration : spring.jpa.open-in-view is enabled by default. Therefore, database queries may be performed during view rendering. Explicitly configure spring.jpa.open-in-view to disable this warning
2026-01-19T15:31:56.071-03:00  INFO 9468 --- [CadastroDeNinjas] [           main] o.s.b.a.w.s.WelcomePageHandlerMapping    : Adding welcome page: class path resource [static/index.html]
2026-01-19T15:31:56.499-03:00  INFO 9468 --- [CadastroDeNinjas] [           main] o.s.b.a.h2.H2ConsoleAutoConfiguration    : H2 console available at '/h2-console'. Database available at 'jdbc:h2:mem:testdb'
2026-01-19T15:31:56.688-03:00  INFO 9468 --- [CadastroDeNinjas] [           main] o.s.b.w.embedded.tomcat.TomcatWebServer  : Tomcat started on port 8080 (http) with context path '/'
2026-01-19T15:31:56.712-03:00  INFO 9468 --- [CadastroDeNinjas] [           main] d.j.C.CadastroDeNinjasApplication        : Started CadastroDeNinjasApplication in 5.592 seconds (process running for 6.386)
2026-01-19T15:31:56.976-03:00  INFO 9468 --- [CadastroDeNinjas] [nio-8080-exec-1] o.a.c.c.C.[Tomcat].[localhost].[/]       : Initializing Spring DispatcherServlet 'dispatcherServlet'
2026-01-19T15:31:56.976-03:00  INFO 9468 --- [CadastroDeNinjas] [nio-8080-exec-1] o.s.web.servlet.DispatcherServlet        : Initializing Servlet 'dispatcherServlet'
2026-01-19T15:31:56.980-03:00  INFO 9468 --- [CadastroDeNinjas] [nio-8080-exec-1] o.s.web.servlet.DispatcherServlet        : Completed initialization in 4 ms
Hibernate: select mm1_0.id,mm1_0.dificuldade,mm1_0.nome from tb_missoes mm1_0
Hibernate: select nm1_0.id,nm1_0.email,nm1_0.idade,nm1_0.missoes_id,nm1_0.nome from tb_cadastro nm1_0
Hibernate: select mm1_0.id,mm1_0.dificuldade,mm1_0.nome from tb_missoes mm1_0 where mm1_0.id=?
Hibernate: select mm1_0.id,mm1_0.dificuldade,mm1_0.nome from tb_missoes mm1_0 where mm1_0.id=?
Hibernate: select mm1_0.id,mm1_0.dificuldade,mm1_0.nome from tb_missoes mm1_0 where mm1_0.id=?
Hibernate: select mm1_0.id,mm1_0.dificuldade,mm1_0.nome from tb_missoes mm1_0
Hibernate: select mm1_0.id,mm1_0.dificuldade,mm1_0.nome from tb_missoes mm1_0
